<?xml version="1.0" encoding="UTF-8"?>
<!-- Generated by org.testng.reporters.JUnitReportReporter -->
<testsuite hostname="User-PC" name="com.example.tests.ContactCreation" tests="1" failures="0" timestamp="14 Apr 2014 06:34:34 GMT" time="7.300" errors="0">
  <testcase name="createValidContact" time="7.300" classname="com.example.tests.ContactCreation"/>
</testsuite> <!-- com.example.tests.ContactCreation -->
